2020-11-23 17:32:09.308 [info] <0.44.0> Application lager started on node nonode@nohost
2020-11-23 17:32:09.316 [info] <0.44.0> Application xmerl started on node nonode@nohost
2020-11-23 17:32:09.333 [info] <0.44.0> Application sasl started on node nonode@nohost
2020-11-23 17:32:09.337 [info] <0.44.0> Application tools started on node nonode@nohost
2020-11-23 17:32:09.339 [info] <0.44.0> Application jsx started on node nonode@nohost
2020-11-23 17:32:09.347 [info] <0.44.0> Application ranch started on node nonode@nohost
2020-11-23 17:32:09.349 [info] <0.44.0> Application recon started on node nonode@nohost
2020-11-23 17:32:09.388 [info] <0.44.0> Application credentials_obfuscation started on node nonode@nohost
2020-11-23 17:32:09.388 [info] <0.44.0> Application rabbit_common started on node nonode@nohost
2020-11-23 17:32:09.397 [info] <0.44.0> Application amqp_client started on node nonode@nohost
2020-11-23 17:32:09.400 [info] <0.44.0> Application amqp started on node nonode@nohost
2020-11-23 17:32:09.400 [info] <0.44.0> Application conduit_amqp started on node nonode@nohost
2020-11-23 17:32:09.400 [info] <0.44.0> Application rabbit_example started on node nonode@nohost
2020-11-23 17:33:04.671 [info] <0.44.0> Application lager started on node nonode@nohost
2020-11-23 17:33:04.677 [info] <0.44.0> Application xmerl started on node nonode@nohost
2020-11-23 17:33:04.693 [info] <0.44.0> Application sasl started on node nonode@nohost
2020-11-23 17:33:04.697 [info] <0.44.0> Application tools started on node nonode@nohost
2020-11-23 17:33:04.698 [info] <0.44.0> Application jsx started on node nonode@nohost
2020-11-23 17:33:04.704 [info] <0.44.0> Application ranch started on node nonode@nohost
2020-11-23 17:33:04.705 [info] <0.44.0> Application recon started on node nonode@nohost
2020-11-23 17:33:04.735 [info] <0.44.0> Application credentials_obfuscation started on node nonode@nohost
2020-11-23 17:33:04.735 [info] <0.44.0> Application rabbit_common started on node nonode@nohost
2020-11-23 17:33:04.743 [info] <0.44.0> Application amqp_client started on node nonode@nohost
2020-11-23 17:33:04.746 [info] <0.44.0> Application amqp started on node nonode@nohost
2020-11-23 17:33:04.746 [info] <0.44.0> Application conduit_amqp started on node nonode@nohost
2020-11-23 17:33:04.746 [info] <0.44.0> Application rabbit_example started on node nonode@nohost
2020-11-23 17:35:00.358 [info] <0.44.0> Application lager started on node nonode@nohost
2020-11-23 17:35:00.364 [info] <0.44.0> Application xmerl started on node nonode@nohost
2020-11-23 17:35:00.378 [info] <0.44.0> Application sasl started on node nonode@nohost
2020-11-23 17:35:00.383 [info] <0.44.0> Application tools started on node nonode@nohost
2020-11-23 17:35:00.385 [info] <0.44.0> Application jsx started on node nonode@nohost
2020-11-23 17:35:00.392 [info] <0.44.0> Application ranch started on node nonode@nohost
2020-11-23 17:35:00.393 [info] <0.44.0> Application recon started on node nonode@nohost
2020-11-23 17:35:00.424 [info] <0.44.0> Application credentials_obfuscation started on node nonode@nohost
2020-11-23 17:35:00.424 [info] <0.44.0> Application rabbit_common started on node nonode@nohost
2020-11-23 17:35:00.432 [info] <0.44.0> Application amqp_client started on node nonode@nohost
2020-11-23 17:35:00.434 [info] <0.44.0> Application amqp started on node nonode@nohost
2020-11-23 17:35:00.434 [info] <0.44.0> Application conduit_amqp started on node nonode@nohost
2020-11-23 17:35:00.435 [info] <0.44.0> Application rabbit_example started on node nonode@nohost
2020-11-23 19:49:01.456 [info] <0.44.0> Application lager started on node nonode@nohost
2020-11-23 19:49:01.462 [info] <0.44.0> Application xmerl started on node nonode@nohost
2020-11-23 19:49:01.479 [info] <0.44.0> Application sasl started on node nonode@nohost
2020-11-23 19:49:01.484 [info] <0.44.0> Application tools started on node nonode@nohost
2020-11-23 19:49:01.486 [info] <0.44.0> Application jsx started on node nonode@nohost
2020-11-23 19:49:01.493 [info] <0.44.0> Application ranch started on node nonode@nohost
2020-11-23 19:49:01.495 [info] <0.44.0> Application recon started on node nonode@nohost
2020-11-23 19:49:01.528 [info] <0.44.0> Application credentials_obfuscation started on node nonode@nohost
2020-11-23 19:49:01.528 [info] <0.44.0> Application rabbit_common started on node nonode@nohost
2020-11-23 19:49:01.537 [info] <0.44.0> Application amqp_client started on node nonode@nohost
2020-11-23 19:49:01.539 [info] <0.44.0> Application amqp started on node nonode@nohost
2020-11-23 19:49:01.539 [info] <0.44.0> Application conduit_amqp started on node nonode@nohost
2020-11-23 19:49:01.539 [info] <0.44.0> Application rabbit_example started on node nonode@nohost
2020-11-23 19:49:56.804 [info] <0.44.0> Application lager started on node nonode@nohost
2020-11-23 19:49:56.811 [info] <0.44.0> Application xmerl started on node nonode@nohost
2020-11-23 19:49:56.826 [info] <0.44.0> Application sasl started on node nonode@nohost
2020-11-23 19:49:56.831 [info] <0.44.0> Application tools started on node nonode@nohost
2020-11-23 19:49:56.832 [info] <0.44.0> Application jsx started on node nonode@nohost
2020-11-23 19:49:56.838 [info] <0.44.0> Application ranch started on node nonode@nohost
2020-11-23 19:49:56.840 [info] <0.44.0> Application recon started on node nonode@nohost
2020-11-23 19:49:56.869 [info] <0.44.0> Application credentials_obfuscation started on node nonode@nohost
2020-11-23 19:49:56.869 [info] <0.44.0> Application rabbit_common started on node nonode@nohost
2020-11-23 19:49:56.877 [info] <0.44.0> Application amqp_client started on node nonode@nohost
2020-11-23 19:49:56.879 [info] <0.44.0> Application amqp started on node nonode@nohost
2020-11-23 19:49:56.879 [info] <0.44.0> Application conduit_amqp started on node nonode@nohost
2020-11-23 19:49:56.879 [info] <0.44.0> Application rabbit_example started on node nonode@nohost
2020-11-23 20:14:30.081 [info] <0.44.0> Application lager started on node nonode@nohost
2020-11-23 20:14:30.088 [info] <0.44.0> Application xmerl started on node nonode@nohost
2020-11-23 20:14:30.102 [info] <0.44.0> Application sasl started on node nonode@nohost
2020-11-23 20:14:30.106 [info] <0.44.0> Application tools started on node nonode@nohost
2020-11-23 20:14:30.107 [info] <0.44.0> Application jsx started on node nonode@nohost
2020-11-23 20:14:30.115 [info] <0.44.0> Application ranch started on node nonode@nohost
2020-11-23 20:14:30.117 [info] <0.44.0> Application recon started on node nonode@nohost
2020-11-23 20:14:30.147 [info] <0.44.0> Application credentials_obfuscation started on node nonode@nohost
2020-11-23 20:14:30.147 [info] <0.44.0> Application rabbit_common started on node nonode@nohost
2020-11-23 20:14:30.156 [info] <0.44.0> Application amqp_client started on node nonode@nohost
2020-11-23 20:14:30.159 [info] <0.44.0> Application amqp started on node nonode@nohost
2020-11-23 20:14:30.159 [info] <0.44.0> Application conduit_amqp started on node nonode@nohost
2020-11-23 20:14:30.160 [info] <0.44.0> Application rabbit_example started on node nonode@nohost
2020-11-23 20:15:39.136 [info] <0.44.0> Application lager started on node nonode@nohost
2020-11-23 20:15:39.141 [info] <0.44.0> Application xmerl started on node nonode@nohost
2020-11-23 20:15:39.156 [info] <0.44.0> Application sasl started on node nonode@nohost
2020-11-23 20:15:39.160 [info] <0.44.0> Application tools started on node nonode@nohost
2020-11-23 20:15:39.162 [info] <0.44.0> Application jsx started on node nonode@nohost
2020-11-23 20:15:39.167 [info] <0.44.0> Application ranch started on node nonode@nohost
2020-11-23 20:15:39.169 [info] <0.44.0> Application recon started on node nonode@nohost
2020-11-23 20:15:39.196 [info] <0.44.0> Application credentials_obfuscation started on node nonode@nohost
2020-11-23 20:15:39.196 [info] <0.44.0> Application rabbit_common started on node nonode@nohost
2020-11-23 20:15:39.202 [info] <0.44.0> Application amqp_client started on node nonode@nohost
2020-11-23 20:15:39.204 [info] <0.44.0> Application amqp started on node nonode@nohost
2020-11-23 20:15:39.204 [info] <0.44.0> Application conduit_amqp started on node nonode@nohost
2020-11-23 20:15:39.204 [info] <0.44.0> Application rabbit_example started on node nonode@nohost
